<testng-results>
  <reporter-output>
  </reporter-output>
  <suite name="Default suite" duration-ms="49712" started-at="2011-11-03T17:40:54Z" finished-at="2011-11-03T17:41:44Z">
    <groups>
    </groups>
    <test name="Default test" duration-ms="49712" started-at="2011-11-03T17:40:54Z" finished-at="2011-11-03T17:41:44Z">
      <class name="com.ADMNetworks.Tests.Login">
        <test-method status="PASS" signature="setUp()" name="setUp" is-config="true" duration-ms="33189" started-at="2011-11-03T17:40:21Z" finished-at="2011-11-03T17:40:54Z">
        </test-method>
        <test-method status="PASS" signature="testLogin()" name="testLogin" duration-ms="49690" started-at="2011-11-03T17:40:54Z" finished-at="2011-11-03T17:41:44Z">
        </test-method>
        <test-method status="PASS" signature="tearDown()" name="tearDown" is-config="true" duration-ms="1183" started-at="2011-11-03T17:41:45Z" finished-at="2011-11-03T17:41:46Z">
        </test-method>
      </class>
    </test>
  </suite>
</testng-results>
